Performing C SOURCE FILE Test CMAKE_HAVE_LIBC_PTHREAD failed with the following output:
Change Dir: /srv/data/jiachao/MAC-POSTS/src/build/temp.linux-x86_64-cpython-312/CMakeFiles/CMakeTmp

Run Build Command(s):/usr/bin/make cmTC_bd5fb/fast && /usr/bin/make  -f CMakeFiles/cmTC_bd5fb.dir/build.make CMakeFiles/cmTC_bd5fb.dir/build
make[1]: Entering directory '/srv/data/jiachao/MAC-POSTS/src/build/temp.linux-x86_64-cpython-312/CMakeFiles/CMakeTmp'
Building C object CMakeFiles/cmTC_bd5fb.dir/src.c.o
/usr/bin/cc   -DCMAKE_HAVE_LIBC_PTHREAD   -o CMakeFiles/cmTC_bd5fb.dir/src.c.o   -c /srv/data/jiachao/MAC-POSTS/src/build/temp.linux-x86_64-cpython-312/CMakeFiles/CMakeTmp/src.c
Linking C executable cmTC_bd5fb
/usr/local/lib/python3.5/dist-packages/cmake/data/bin/cmake -E cmake_link_script CMakeFiles/cmTC_bd5fb.dir/link.txt --verbose=1
/usr/bin/cc  -DCMAKE_HAVE_LIBC_PTHREAD    -rdynamic CMakeFiles/cmTC_bd5fb.dir/src.c.o  -o cmTC_bd5fb 
CMakeFiles/cmTC_bd5fb.dir/src.c.o: In function `main':
src.c:(.text+0x3c): undefined reference to `pthread_create'
src.c:(.text+0x48): undefined reference to `pthread_detach'
src.c:(.text+0x54): undefined reference to `pthread_cancel'
src.c:(.text+0x65): undefined reference to `pthread_join'
src.c:(.text+0x79): undefined reference to `pthread_atfork'
collect2: error: ld returned 1 exit status
CMakeFiles/cmTC_bd5fb.dir/build.make:106: recipe for target 'cmTC_bd5fb' failed
make[1]: *** [cmTC_bd5fb] Error 1
make[1]: Leaving directory '/srv/data/jiachao/MAC-POSTS/src/build/temp.linux-x86_64-cpython-312/CMakeFiles/CMakeTmp'
Makefile:141: recipe for target 'cmTC_bd5fb/fast' failed
make: *** [cmTC_bd5fb/fast] Error 2


Source file was:
#include <pthread.h>

void* test_func(void* data)
{
  return data;
}

int main(void)
{
  pthread_t thread;
  pthread_create(&thread, NULL, test_func, NULL);
  pthread_detach(thread);
  pthread_cancel(thread);
  pthread_join(thread, NULL);
  pthread_atfork(NULL, NULL, NULL);
  pthread_exit(NULL);

  return 0;
}

Determining if the function pthread_create exists in the pthreads failed with the following output:
Change Dir: /srv/data/jiachao/MAC-POSTS/src/build/temp.linux-x86_64-cpython-312/CMakeFiles/CMakeTmp

Run Build Command(s):/usr/bin/make cmTC_93858/fast && /usr/bin/make  -f CMakeFiles/cmTC_93858.dir/build.make CMakeFiles/cmTC_93858.dir/build
make[1]: Entering directory '/srv/data/jiachao/MAC-POSTS/src/build/temp.linux-x86_64-cpython-312/CMakeFiles/CMakeTmp'
Building C object CMakeFiles/cmTC_93858.dir/CheckFunctionExists.c.o
/usr/bin/cc   -DCHECK_FUNCTION_EXISTS=pthread_create   -o CMakeFiles/cmTC_93858.dir/CheckFunctionExists.c.o   -c /usr/local/lib/python3.5/dist-packages/cmake/data/share/cmake-3.17/Modules/CheckFunctionExists.c
Linking C executable cmTC_93858
/usr/local/lib/python3.5/dist-packages/cmake/data/bin/cmake -E cmake_link_script CMakeFiles/cmTC_93858.dir/link.txt --verbose=1
/usr/bin/cc  -DCHECK_FUNCTION_EXISTS=pthread_create    -rdynamic CMakeFiles/cmTC_93858.dir/CheckFunctionExists.c.o  -o cmTC_93858  -lpthreads 
/usr/bin/ld: cannot find -lpthreads
collect2: error: ld returned 1 exit status
CMakeFiles/cmTC_93858.dir/build.make:106: recipe for target 'cmTC_93858' failed
make[1]: *** [cmTC_93858] Error 1
make[1]: Leaving directory '/srv/data/jiachao/MAC-POSTS/src/build/temp.linux-x86_64-cpython-312/CMakeFiles/CMakeTmp'
Makefile:141: recipe for target 'cmTC_93858/fast' failed
make: *** [cmTC_93858/fast] Error 2



