Determining if the pthread_create exist failed with the following output:
Change Dir: /home/qiling/Documents/MAC-POSTS/src/cmake-build-debug-remote/CMakeFiles/CMakeTmp

Run Build Command:"/usr/bin/make" "cmTC_90755/fast"
/usr/bin/make -f CMakeFiles/cmTC_90755.dir/build.make CMakeFiles/cmTC_90755.dir/build
make[1]: Entering directory '/home/qiling/Documents/MAC-POSTS/src/cmake-build-debug-remote/CMakeFiles/CMakeTmp'
Building C object CMakeFiles/cmTC_90755.dir/CheckSymbolExists.c.o
/usr/bin/cc     -o CMakeFiles/cmTC_90755.dir/CheckSymbolExists.c.o   -c /home/qiling/Documents/MAC-POSTS/src/cmake-build-debug-remote/CMakeFiles/CMakeTmp/CheckSymbolExists.c
Linking C executable cmTC_90755
/usr/bin/cmake -E cmake_link_script CMakeFiles/cmTC_90755.dir/link.txt --verbose=1
/usr/bin/cc       CMakeFiles/cmTC_90755.dir/CheckSymbolExists.c.o  -o cmTC_90755 -rdynamic 
CMakeFiles/cmTC_90755.dir/CheckSymbolExists.c.o: In function `main':
CheckSymbolExists.c:(.text+0x16): undefined reference to `pthread_create'
collect2: error: ld returned 1 exit status
CMakeFiles/cmTC_90755.dir/build.make:97: recipe for target 'cmTC_90755' failed
make[1]: *** [cmTC_90755] Error 1
make[1]: Leaving directory '/home/qiling/Documents/MAC-POSTS/src/cmake-build-debug-remote/CMakeFiles/CMakeTmp'
Makefile:126: recipe for target 'cmTC_90755/fast' failed
make: *** [cmTC_90755/fast] Error 2

File /home/qiling/Documents/MAC-POSTS/src/cmake-build-debug-remote/CMakeFiles/CMakeTmp/CheckSymbolExists.c:
/* */
#include <pthread.h>

int main(int argc, char** argv)
{
  (void)argv;
#ifndef pthread_create
  return ((int*)(&pthread_create))[argc];
#else
  (void)argc;
  return 0;
#endif
}

Determining if the function pthread_create exists in the pthreads failed with the following output:
Change Dir: /home/qiling/Documents/MAC-POSTS/src/cmake-build-debug-remote/CMakeFiles/CMakeTmp

Run Build Command:"/usr/bin/make" "cmTC_4e730/fast"
/usr/bin/make -f CMakeFiles/cmTC_4e730.dir/build.make CMakeFiles/cmTC_4e730.dir/build
make[1]: Entering directory '/home/qiling/Documents/MAC-POSTS/src/cmake-build-debug-remote/CMakeFiles/CMakeTmp'
Building C object CMakeFiles/cmTC_4e730.dir/CheckFunctionExists.c.o
/usr/bin/cc    -DCHECK_FUNCTION_EXISTS=pthread_create   -o CMakeFiles/cmTC_4e730.dir/CheckFunctionExists.c.o   -c /usr/share/cmake-3.5/Modules/CheckFunctionExists.c
Linking C executable cmTC_4e730
/usr/bin/cmake -E cmake_link_script CMakeFiles/cmTC_4e730.dir/link.txt --verbose=1
/usr/bin/cc   -DCHECK_FUNCTION_EXISTS=pthread_create    CMakeFiles/cmTC_4e730.dir/CheckFunctionExists.c.o  -o cmTC_4e730 -rdynamic -lpthreads 
/usr/bin/ld: cannot find -lpthreads
collect2: error: ld returned 1 exit status
CMakeFiles/cmTC_4e730.dir/build.make:97: recipe for target 'cmTC_4e730' failed
make[1]: *** [cmTC_4e730] Error 1
make[1]: Leaving directory '/home/qiling/Documents/MAC-POSTS/src/cmake-build-debug-remote/CMakeFiles/CMakeTmp'
Makefile:126: recipe for target 'cmTC_4e730/fast' failed
make: *** [cmTC_4e730/fast] Error 2


