Performing C SOURCE FILE Test CMAKE_HAVE_LIBC_PTHREAD failed with the following output:
Change Dir: /srv/data/jiachao/MAC-POSTS/build/CMakeFiles/CMakeTmp

Run Build Command(s):/usr/bin/make cmTC_fd6e3/fast && /usr/bin/make  -f CMakeFiles/cmTC_fd6e3.dir/build.make CMakeFiles/cmTC_fd6e3.dir/build
make[1]: Entering directory '/srv/data/jiachao/MAC-POSTS/build/CMakeFiles/CMakeTmp'
Building C object CMakeFiles/cmTC_fd6e3.dir/src.c.o
/usr/bin/x86_64-linux-gnu-gcc-5   -DCMAKE_HAVE_LIBC_PTHREAD   -o CMakeFiles/cmTC_fd6e3.dir/src.c.o   -c /srv/data/jiachao/MAC-POSTS/build/CMakeFiles/CMakeTmp/src.c
Linking C executable cmTC_fd6e3
/usr/local/lib/python3.5/dist-packages/cmake/data/bin/cmake -E cmake_link_script CMakeFiles/cmTC_fd6e3.dir/link.txt --verbose=1
/usr/bin/x86_64-linux-gnu-gcc-5  -DCMAKE_HAVE_LIBC_PTHREAD    -rdynamic CMakeFiles/cmTC_fd6e3.dir/src.c.o  -o cmTC_fd6e3 
CMakeFiles/cmTC_fd6e3.dir/src.c.o: In function `main':
src.c:(.text+0x3c): undefined reference to `pthread_create'
src.c:(.text+0x48): undefined reference to `pthread_detach'
src.c:(.text+0x54): undefined reference to `pthread_cancel'
src.c:(.text+0x65): undefined reference to `pthread_join'
src.c:(.text+0x79): undefined reference to `pthread_atfork'
collect2: error: ld returned 1 exit status
CMakeFiles/cmTC_fd6e3.dir/build.make:106: recipe for target 'cmTC_fd6e3' failed
make[1]: *** [cmTC_fd6e3] Error 1
make[1]: Leaving directory '/srv/data/jiachao/MAC-POSTS/build/CMakeFiles/CMakeTmp'
Makefile:141: recipe for target 'cmTC_fd6e3/fast' failed
make: *** [cmTC_fd6e3/fast] Error 2


Source file was:
#include <pthread.h>

void* test_func(void* data)
{
  return data;
}

int main(void)
{
  pthread_t thread;
  pthread_create(&thread, NULL, test_func, NULL);
  pthread_detach(thread);
  pthread_cancel(thread);
  pthread_join(thread, NULL);
  pthread_atfork(NULL, NULL, NULL);
  pthread_exit(NULL);

  return 0;
}

Determining if the function pthread_create exists in the pthreads failed with the following output:
Change Dir: /srv/data/jiachao/MAC-POSTS/build/CMakeFiles/CMakeTmp

Run Build Command(s):/usr/bin/make cmTC_11eca/fast && /usr/bin/make  -f CMakeFiles/cmTC_11eca.dir/build.make CMakeFiles/cmTC_11eca.dir/build
make[1]: Entering directory '/srv/data/jiachao/MAC-POSTS/build/CMakeFiles/CMakeTmp'
Building C object CMakeFiles/cmTC_11eca.dir/CheckFunctionExists.c.o
/usr/bin/x86_64-linux-gnu-gcc-5   -DCHECK_FUNCTION_EXISTS=pthread_create   -o CMakeFiles/cmTC_11eca.dir/CheckFunctionExists.c.o   -c /usr/local/lib/python3.5/dist-packages/cmake/data/share/cmake-3.17/Modules/CheckFunctionExists.c
Linking C executable cmTC_11eca
/usr/local/lib/python3.5/dist-packages/cmake/data/bin/cmake -E cmake_link_script CMakeFiles/cmTC_11eca.dir/link.txt --verbose=1
/usr/bin/x86_64-linux-gnu-gcc-5  -DCHECK_FUNCTION_EXISTS=pthread_create    -rdynamic CMakeFiles/cmTC_11eca.dir/CheckFunctionExists.c.o  -o cmTC_11eca  -lpthreads 
/usr/bin/ld: cannot find -lpthreads
collect2: error: ld returned 1 exit status
CMakeFiles/cmTC_11eca.dir/build.make:106: recipe for target 'cmTC_11eca' failed
make[1]: *** [cmTC_11eca] Error 1
make[1]: Leaving directory '/srv/data/jiachao/MAC-POSTS/build/CMakeFiles/CMakeTmp'
Makefile:141: recipe for target 'cmTC_11eca/fast' failed
make: *** [cmTC_11eca/fast] Error 2



